#-----------------------------------------------------------
# Vivado v2021.1 (64-bit)
# SW Build 3247384 on Thu Jun 10 19:36:33 MDT 2021
# IP Build 3246043 on Fri Jun 11 00:30:35 MDT 2021
# Start of session at: Tue Dec 13 15:54:01 2022
# Process ID: 7888
# Current directory: C:/Users/jorge/Downloads/CAFETERA/trabajo_sed
# Command line: vivado.exe -gui_launcher_event rodinguilauncherevent10000 C:\Users\jorge\Downloads\CAFETERA\trabajo_sed\trabajo_sed.xpr
# Log file: C:/Users/jorge/Downloads/CAFETERA/trabajo_sed/vivado.log
# Journal file: C:/Users/jorge/Downloads/CAFETERA/trabajo_sed\vivado.jou
#-----------------------------------------------------------
start_gui
open_project C:/Users/jorge/Downloads/CAFETERA/trabajo_sed/trabajo_sed.xpr
WARNING: [filemgmt 56-3] Board Part Repository Path: Could not find the directory 'C:/Users/aleja/AppData/Roaming/Xilinx/Vivado/2022.1/xhub/board_store/xilinx_board_store'.
WARNING: [filemgmt 56-3] Default IP Output Path : Could not find the directory 'C:/Users/jorge/Downloads/CAFETERA/trabajo_sed/trabajo_sed.gen/sources_1'.
Scanning sources...
Finished scanning sources
INFO: [IP_Flow 19-234] Refreshing IP repositories
INFO: [IP_Flow 19-1704] No user IP repositories specified
INFO: [IP_Flow 19-2313] Loaded Vivado IP repository 'C:/Xilinx/Vivado/2021.1/data/ip'.
open_project: Time (s): cpu = 00:00:12 ; elapsed = 00:00:08 . Memory (MB): peak = 1452.367 ; gain = 0.000
update_compile_order -fileset sources_1
exit
INFO: [Common 17-206] Exiting Vivado at Tue Dec 13 15:56:48 2022...
